<?xml version="1.0" encoding="UTF-8"?>
<testsuite xmlns:xsi="http://www.w3.org/2001/XMLSchema-instance" xsi:noNamespaceSchemaLocation="https://maven.apache.org/surefire/maven-surefire-plugin/xsd/surefire-test-report-3.0.xsd" version="3.0" name="com.logparser.AppLogAggregatorTest" time="0.004" tests="4" errors="0" skipped="0" failures="0">
  <properties>
[...]
</properties>
  <testcase name="process_invalidFormat_ignoresLine" classname="com.logparser.AppLogAggregatorTest" time="0.001"/>
  <testcase name="process_multipleLogs_accumulatesEachLevel" classname="com.logparser.AppLogAggregatorTest" time="0.0"/>
  <testcase name="process_singleErrorLog_updatesCountCorrectly" classname="com.logparser.AppLogAggregatorTest" time="0.0"/>
  <testcase name="process_nullInput_doesNotCrash" classname="com.logparser.AppLogAggregatorTest" time="0.001"/>
</testsuite>